Added Component: Designator=C1(0805C)
Add component. Clean all parameters for all variants
Added Component: Designator=C2(C 0603)
Add component. Clean all parameters for all variants
Add component (AddParameter): Name = "LatestRevisionDate"; Value = "17-Jul-2002"; VariantName = "[No Variations]"
Add component (AddParameter): Name = "LatestRevisionNote"; Value = "Re-released for DXP Platform."; VariantName = "[No Variations]"
Add component (AddParameter): Name = "Published"; Value = "8-Jun-2000"; VariantName = "[No Variations]"
Add component (AddParameter): Name = "Publisher"; Value = "Altium Limited"; VariantName = "[No Variations]"
Add component (AddParameter): Name = "Value"; Value = "104"; VariantName = "[No Variations]"
Added Component: Designator=C3(0805C)
Add component. Clean all parameters for all variants
Added Component: Designator=C4(C 0603)
Add component. Clean all parameters for all variants
Add component (AddParameter): Name = "LatestRevisionDate"; Value = "17-Jul-2002"; VariantName = "[No Variations]"
Add component (AddParameter): Name = "LatestRevisionNote"; Value = "Re-released for DXP Platform."; VariantName = "[No Variations]"
Add component (AddParameter): Name = "Published"; Value = "8-Jun-2000"; VariantName = "[No Variations]"
Add component (AddParameter): Name = "Publisher"; Value = "Altium Limited"; VariantName = "[No Variations]"
Add component (AddParameter): Name = "Value"; Value = "104"; VariantName = "[No Variations]"
Added Component: Designator=C5(C 0603)
Add component. Clean all parameters for all variants
Add component (AddParameter): Name = "LatestRevisionDate"; Value = "17-Jul-2002"; VariantName = "[No Variations]"
Add component (AddParameter): Name = "LatestRevisionNote"; Value = "Re-released for DXP Platform."; VariantName = "[No Variations]"
Add component (AddParameter): Name = "Published"; Value = "8-Jun-2000"; VariantName = "[No Variations]"
Add component (AddParameter): Name = "Publisher"; Value = "Altium Limited"; VariantName = "[No Variations]"
Add component (AddParameter): Name = "Value"; Value = "104"; VariantName = "[No Variations]"
Added Component: Designator=C6(C 0603)
Add component. Clean all parameters for all variants
Add component (AddParameter): Name = "LatestRevisionDate"; Value = "17-Jul-2002"; VariantName = "[No Variations]"
Add component (AddParameter): Name = "LatestRevisionNote"; Value = "Re-released for DXP Platform."; VariantName = "[No Variations]"
Add component (AddParameter): Name = "Published"; Value = "8-Jun-2000"; VariantName = "[No Variations]"
Add component (AddParameter): Name = "Publisher"; Value = "Altium Limited"; VariantName = "[No Variations]"
Add component (AddParameter): Name = "Value"; Value = "104"; VariantName = "[No Variations]"
Added Component: Designator=C7(C 0603)
Add component. Clean all parameters for all variants
Add component (AddParameter): Name = "LatestRevisionDate"; Value = "17-Jul-2002"; VariantName = "[No Variations]"
Add component (AddParameter): Name = "LatestRevisionNote"; Value = "Re-released for DXP Platform."; VariantName = "[No Variations]"
Add component (AddParameter): Name = "Published"; Value = "8-Jun-2000"; VariantName = "[No Variations]"
Add component (AddParameter): Name = "Publisher"; Value = "Altium Limited"; VariantName = "[No Variations]"
Add component (AddParameter): Name = "Value"; Value = "104"; VariantName = "[No Variations]"
Added Component: Designator=C8(C 0603)
Add component. Clean all parameters for all variants
Add component (AddParameter): Name = "LatestRevisionDate"; Value = "17-Jul-2002"; VariantName = "[No Variations]"
Add component (AddParameter): Name = "LatestRevisionNote"; Value = "Re-released for DXP Platform."; VariantName = "[No Variations]"
Add component (AddParameter): Name = "Published"; Value = "8-Jun-2000"; VariantName = "[No Variations]"
Add component (AddParameter): Name = "Publisher"; Value = "Altium Limited"; VariantName = "[No Variations]"
Add component (AddParameter): Name = "Value"; Value = "104"; VariantName = "[No Variations]"
Added Component: Designator=C9(0805C)
Add component. Clean all parameters for all variants
Added Component: Designator=C10(0805C)
Add component. Clean all parameters for all variants
Added Component: Designator=C11(0805C)
Add component. Clean all parameters for all variants
Added Component: Designator=C12(0805C)
Add component. Clean all parameters for all variants
Added Component: Designator=C13(0805C)
Add component. Clean all parameters for all variants
Added Component: Designator=C14(0805C)
Add component. Clean all parameters for all variants
Added Component: Designator=C15(C 0603)
Add component. Clean all parameters for all variants
Add component (AddParameter): Name = "LatestRevisionDate"; Value = "17-Jul-2002"; VariantName = "[No Variations]"
Add component (AddParameter): Name = "LatestRevisionNote"; Value = "Re-released for DXP Platform."; VariantName = "[No Variations]"
Add component (AddParameter): Name = "Published"; Value = "8-Jun-2000"; VariantName = "[No Variations]"
Add component (AddParameter): Name = "Publisher"; Value = "Altium Limited"; VariantName = "[No Variations]"
Add component (AddParameter): Name = "Value"; Value = "104"; VariantName = "[No Variations]"
Added Component: Designator=C16(C 0603)
Add component. Clean all parameters for all variants
Add component (AddParameter): Name = "LatestRevisionDate"; Value = "17-Jul-2002"; VariantName = "[No Variations]"
Add component (AddParameter): Name = "LatestRevisionNote"; Value = "Re-released for DXP Platform."; VariantName = "[No Variations]"
Add component (AddParameter): Name = "Published"; Value = "8-Jun-2000"; VariantName = "[No Variations]"
Add component (AddParameter): Name = "Publisher"; Value = "Altium Limited"; VariantName = "[No Variations]"
Add component (AddParameter): Name = "Value"; Value = "104"; VariantName = "[No Variations]"
Added Component: Designator=C17(C 0603)
Add component. Clean all parameters for all variants
Add component (AddParameter): Name = "LatestRevisionDate"; Value = "17-Jul-2002"; VariantName = "[No Variations]"
Add component (AddParameter): Name = "LatestRevisionNote"; Value = "Re-released for DXP Platform."; VariantName = "[No Variations]"
Add component (AddParameter): Name = "Published"; Value = "8-Jun-2000"; VariantName = "[No Variations]"
Add component (AddParameter): Name = "Publisher"; Value = "Altium Limited"; VariantName = "[No Variations]"
Add component (AddParameter): Name = "Value"; Value = "104"; VariantName = "[No Variations]"
Added Component: Designator=C18(C 0603)
Add component. Clean all parameters for all variants
Add component (AddParameter): Name = "LatestRevisionDate"; Value = "17-Jul-2002"; VariantName = "[No Variations]"
Add component (AddParameter): Name = "LatestRevisionNote"; Value = "Re-released for DXP Platform."; VariantName = "[No Variations]"
Add component (AddParameter): Name = "Published"; Value = "8-Jun-2000"; VariantName = "[No Variations]"
Add component (AddParameter): Name = "Publisher"; Value = "Altium Limited"; VariantName = "[No Variations]"
Add component (AddParameter): Name = "Value"; Value = "104"; VariantName = "[No Variations]"
Added Component: Designator=C19(C 0603)
Add component. Clean all parameters for all variants
Add component (AddParameter): Name = "LatestRevisionDate"; Value = "17-Jul-2002"; VariantName = "[No Variations]"
Add component (AddParameter): Name = "LatestRevisionNote"; Value = "Re-released for DXP Platform."; VariantName = "[No Variations]"
Add component (AddParameter): Name = "Published"; Value = "8-Jun-2000"; VariantName = "[No Variations]"
Add component (AddParameter): Name = "Publisher"; Value = "Altium Limited"; VariantName = "[No Variations]"
Add component (AddParameter): Name = "Value"; Value = "104"; VariantName = "[No Variations]"
Added Component: Designator=C20(C 0603)
Add component. Clean all parameters for all variants
Add component (AddParameter): Name = "LatestRevisionDate"; Value = "17-Jul-2002"; VariantName = "[No Variations]"
Add component (AddParameter): Name = "LatestRevisionNote"; Value = "Re-released for DXP Platform."; VariantName = "[No Variations]"
Add component (AddParameter): Name = "Published"; Value = "8-Jun-2000"; VariantName = "[No Variations]"
Add component (AddParameter): Name = "Publisher"; Value = "Altium Limited"; VariantName = "[No Variations]"
Add component (AddParameter): Name = "Value"; Value = "104"; VariantName = "[No Variations]"
Added Component: Designator=C21(C 0603)
Add component. Clean all parameters for all variants
Add component (AddParameter): Name = "LatestRevisionDate"; Value = "17-Jul-2002"; VariantName = "[No Variations]"
Add component (AddParameter): Name = "LatestRevisionNote"; Value = "Re-released for DXP Platform."; VariantName = "[No Variations]"
Add component (AddParameter): Name = "Published"; Value = "8-Jun-2000"; VariantName = "[No Variations]"
Add component (AddParameter): Name = "Publisher"; Value = "Altium Limited"; VariantName = "[No Variations]"
Add component (AddParameter): Name = "Value"; Value = "104"; VariantName = "[No Variations]"
Added Component: Designator=C22(C 0603)
Add component. Clean all parameters for all variants
Add component (AddParameter): Name = "LatestRevisionDate"; Value = "17-Jul-2002"; VariantName = "[No Variations]"
Add component (AddParameter): Name = "LatestRevisionNote"; Value = "Re-released for DXP Platform."; VariantName = "[No Variations]"
Add component (AddParameter): Name = "Published"; Value = "8-Jun-2000"; VariantName = "[No Variations]"
Add component (AddParameter): Name = "Publisher"; Value = "Altium Limited"; VariantName = "[No Variations]"
Add component (AddParameter): Name = "Value"; Value = "104"; VariantName = "[No Variations]"
Added Component: Designator=C23(C 0603)
Add component. Clean all parameters for all variants
Add component (AddParameter): Name = "LatestRevisionDate"; Value = "17-Jul-2002"; VariantName = "[No Variations]"
Add component (AddParameter): Name = "LatestRevisionNote"; Value = "Re-released for DXP Platform."; VariantName = "[No Variations]"
Add component (AddParameter): Name = "Published"; Value = "8-Jun-2000"; VariantName = "[No Variations]"
Add component (AddParameter): Name = "Publisher"; Value = "Altium Limited"; VariantName = "[No Variations]"
Add component (AddParameter): Name = "Value"; Value = "104"; VariantName = "[No Variations]"
Added Component: Designator=C24(0805C)
Add component. Clean all parameters for all variants
Added Component: Designator=C25(0805C)
Add component. Clean all parameters for all variants
Added Component: Designator=D1(LED 0805G)
Add component. Clean all parameters for all variants
Added Component: Designator=D2(LED-0805G)
Add component. Clean all parameters for all variants
Added Component: Designator=D3(LED-0805R)
Add component. Clean all parameters for all variants
Added Component: Designator=D4(LED 0805G)
Add component. Clean all parameters for all variants
Added Component: Designator=D5(SMA/DO-214AC)
Add component. Clean all parameters for all variants
Added Component: Designator=D6(SMA/DO-214AC)
Add component. Clean all parameters for all variants
Added Component: Designator=D7(LED 0805G)
Add component. Clean all parameters for all variants
Added Component: Designator=J1(Fe-HDR2X3/2.54-S)
Add component. Clean all parameters for all variants
Added Component: Designator=J2(Fe-HDR1X2/2.54-S)
Add component. Clean all parameters for all variants
Added Component: Designator=J3(Fe-HDR1X4/2.54-S)
Add component. Clean all parameters for all variants
Added Component: Designator=J4(Fe-HDR1X2/2.54-S)
Add component. Clean all parameters for all variants
Added Component: Designator=L1(CD32)
Add component. Clean all parameters for all variants
Added Component: Designator=L2(CD32)
Add component. Clean all parameters for all variants
Added Component: Designator=L3(INDUCTOR Tripod)
Add component. Clean all parameters for all variants
Added Component: Designator=P1(HDR-3X2)
Add component. Clean all parameters for all variants
Add component (AddParameter): Name = "LatestRevisionDate"; Value = "17-Jul-2002"; VariantName = "[No Variations]"
Add component (AddParameter): Name = "LatestRevisionNote"; Value = "Re-released for DXP Platform."; VariantName = "[No Variations]"
Add component (AddParameter): Name = "Publisher"; Value = "Altium Limited"; VariantName = "[No Variations]"
Added Component: Designator=P2(HDR-1X4_H)
Add component. Clean all parameters for all variants
Add component (AddParameter): Name = "LatestRevisionDate"; Value = "17-Jul-2002"; VariantName = "[No Variations]"
Add component (AddParameter): Name = "LatestRevisionNote"; Value = "Re-released for DXP Platform."; VariantName = "[No Variations]"
Add component (AddParameter): Name = "Publisher"; Value = "Altium Limited"; VariantName = "[No Variations]"
Added Component: Designator=P3(HDR1X20)
Add component. Clean all parameters for all variants
Add component (AddParameter): Name = "LatestRevisionDate"; Value = "17-Jul-2002"; VariantName = "[No Variations]"
Add component (AddParameter): Name = "LatestRevisionNote"; Value = "Re-released for DXP Platform."; VariantName = "[No Variations]"
Add component (AddParameter): Name = "Publisher"; Value = "Altium Limited"; VariantName = "[No Variations]"
Added Component: Designator=P4(HDR1X20)
Add component. Clean all parameters for all variants
Add component (AddParameter): Name = "LatestRevisionDate"; Value = "17-Jul-2002"; VariantName = "[No Variations]"
Add component (AddParameter): Name = "LatestRevisionNote"; Value = "Re-released for DXP Platform."; VariantName = "[No Variations]"
Add component (AddParameter): Name = "Publisher"; Value = "Altium Limited"; VariantName = "[No Variations]"
Added Component: Designator=Q1(SOT23)
Add component. Clean all parameters for all variants
Added Component: Designator=Q2(SOT23)
Add component. Clean all parameters for all variants
Added Component: Designator=R1(0603R)
Add component. Clean all parameters for all variants
Added Component: Designator=R2(0603R)
Add component. Clean all parameters for all variants
Added Component: Designator=R3(0603R)
Add component. Clean all parameters for all variants
Added Component: Designator=R4(R 0603)
Add component. Clean all parameters for all variants
Add component (AddParameter): Name = "LatestRevisionDate"; Value = "17-Jul-2002"; VariantName = "[No Variations]"
Add component (AddParameter): Name = "LatestRevisionNote"; Value = "Re-released for DXP Platform."; VariantName = "[No Variations]"
Add component (AddParameter): Name = "Published"; Value = "8-Jun-2000"; VariantName = "[No Variations]"
Add component (AddParameter): Name = "Publisher"; Value = "Altium Limited"; VariantName = "[No Variations]"
Added Component: Designator=R5(R 0603)
Add component. Clean all parameters for all variants
Add component (AddParameter): Name = "LatestRevisionDate"; Value = "17-Jul-2002"; VariantName = "[No Variations]"
Add component (AddParameter): Name = "LatestRevisionNote"; Value = "Re-released for DXP Platform."; VariantName = "[No Variations]"
Add component (AddParameter): Name = "Published"; Value = "8-Jun-2000"; VariantName = "[No Variations]"
Add component (AddParameter): Name = "Publisher"; Value = "Altium Limited"; VariantName = "[No Variations]"
Added Component: Designator=R6(R 0603)
Add component. Clean all parameters for all variants
Add component (AddParameter): Name = "LatestRevisionDate"; Value = "17-Jul-2002"; VariantName = "[No Variations]"
Add component (AddParameter): Name = "LatestRevisionNote"; Value = "Re-released for DXP Platform."; VariantName = "[No Variations]"
Add component (AddParameter): Name = "Published"; Value = "8-Jun-2000"; VariantName = "[No Variations]"
Add component (AddParameter): Name = "Publisher"; Value = "Altium Limited"; VariantName = "[No Variations]"
Added Component: Designator=R7(R 0603)
Add component. Clean all parameters for all variants
Add component (AddParameter): Name = "LatestRevisionDate"; Value = "17-Jul-2002"; VariantName = "[No Variations]"
Add component (AddParameter): Name = "LatestRevisionNote"; Value = "Re-released for DXP Platform."; VariantName = "[No Variations]"
Add component (AddParameter): Name = "Published"; Value = "8-Jun-2000"; VariantName = "[No Variations]"
Add component (AddParameter): Name = "Publisher"; Value = "Altium Limited"; VariantName = "[No Variations]"
Added Component: Designator=R8(R 0603)
Add component. Clean all parameters for all variants
Add component (AddParameter): Name = "LatestRevisionDate"; Value = "17-Jul-2002"; VariantName = "[No Variations]"
Add component (AddParameter): Name = "LatestRevisionNote"; Value = "Re-released for DXP Platform."; VariantName = "[No Variations]"
Add component (AddParameter): Name = "Published"; Value = "8-Jun-2000"; VariantName = "[No Variations]"
Add component (AddParameter): Name = "Publisher"; Value = "Altium Limited"; VariantName = "[No Variations]"
Added Component: Designator=R9(0603R)
Add component. Clean all parameters for all variants
Added Component: Designator=R10(0603R)
Add component. Clean all parameters for all variants
Added Component: Designator=R11(0603R)
Add component. Clean all parameters for all variants
Added Component: Designator=R12(0603R)
Add component. Clean all parameters for all variants
Added Component: Designator=R13(0603R)
Add component. Clean all parameters for all variants
Added Component: Designator=R14(0603R)
Add component. Clean all parameters for all variants
Added Component: Designator=R15(R 0603)
Add component. Clean all parameters for all variants
Add component (AddParameter): Name = "LatestRevisionDate"; Value = "17-Jul-2002"; VariantName = "[No Variations]"
Add component (AddParameter): Name = "LatestRevisionNote"; Value = "Re-released for DXP Platform."; VariantName = "[No Variations]"
Add component (AddParameter): Name = "Published"; Value = "8-Jun-2000"; VariantName = "[No Variations]"
Add component (AddParameter): Name = "Publisher"; Value = "Altium Limited"; VariantName = "[No Variations]"
Added Component: Designator=R16(R 0603)
Add component. Clean all parameters for all variants
Add component (AddParameter): Name = "LatestRevisionDate"; Value = "17-Jul-2002"; VariantName = "[No Variations]"
Add component (AddParameter): Name = "LatestRevisionNote"; Value = "Re-released for DXP Platform."; VariantName = "[No Variations]"
Add component (AddParameter): Name = "Published"; Value = "8-Jun-2000"; VariantName = "[No Variations]"
Add component (AddParameter): Name = "Publisher"; Value = "Altium Limited"; VariantName = "[No Variations]"
Added Component: Designator=R17(R 0603)
Add component. Clean all parameters for all variants
Add component (AddParameter): Name = "LatestRevisionDate"; Value = "17-Jul-2002"; VariantName = "[No Variations]"
Add component (AddParameter): Name = "LatestRevisionNote"; Value = "Re-released for DXP Platform."; VariantName = "[No Variations]"
Add component (AddParameter): Name = "Published"; Value = "8-Jun-2000"; VariantName = "[No Variations]"
Add component (AddParameter): Name = "Publisher"; Value = "Altium Limited"; VariantName = "[No Variations]"
Added Component: Designator=R18(R 0603)
Add component. Clean all parameters for all variants
Add component (AddParameter): Name = "LatestRevisionDate"; Value = "17-Jul-2002"; VariantName = "[No Variations]"
Add component (AddParameter): Name = "LatestRevisionNote"; Value = "Re-released for DXP Platform."; VariantName = "[No Variations]"
Add component (AddParameter): Name = "Published"; Value = "8-Jun-2000"; VariantName = "[No Variations]"
Add component (AddParameter): Name = "Publisher"; Value = "Altium Limited"; VariantName = "[No Variations]"
Added Component: Designator=R19(R 0603)
Add component. Clean all parameters for all variants
Add component (AddParameter): Name = "LatestRevisionDate"; Value = "17-Jul-2002"; VariantName = "[No Variations]"
Add component (AddParameter): Name = "LatestRevisionNote"; Value = "Re-released for DXP Platform."; VariantName = "[No Variations]"
Add component (AddParameter): Name = "Published"; Value = "8-Jun-2000"; VariantName = "[No Variations]"
Add component (AddParameter): Name = "Publisher"; Value = "Altium Limited"; VariantName = "[No Variations]"
Added Component: Designator=R20(R 0603)
Add component. Clean all parameters for all variants
Add component (AddParameter): Name = "LatestRevisionDate"; Value = "17-Jul-2002"; VariantName = "[No Variations]"
Add component (AddParameter): Name = "LatestRevisionNote"; Value = "Re-released for DXP Platform."; VariantName = "[No Variations]"
Add component (AddParameter): Name = "Published"; Value = "8-Jun-2000"; VariantName = "[No Variations]"
Add component (AddParameter): Name = "Publisher"; Value = "Altium Limited"; VariantName = "[No Variations]"
Added Component: Designator=R21(R 0603)
Add component. Clean all parameters for all variants
Add component (AddParameter): Name = "LatestRevisionDate"; Value = "17-Jul-2002"; VariantName = "[No Variations]"
Add component (AddParameter): Name = "LatestRevisionNote"; Value = "Re-released for DXP Platform."; VariantName = "[No Variations]"
Add component (AddParameter): Name = "Published"; Value = "8-Jun-2000"; VariantName = "[No Variations]"
Add component (AddParameter): Name = "Publisher"; Value = "Altium Limited"; VariantName = "[No Variations]"
Added Component: Designator=R22(R 0603)
Add component. Clean all parameters for all variants
Add component (AddParameter): Name = "LatestRevisionDate"; Value = "17-Jul-2002"; VariantName = "[No Variations]"
Add component (AddParameter): Name = "LatestRevisionNote"; Value = "Re-released for DXP Platform."; VariantName = "[No Variations]"
Add component (AddParameter): Name = "Published"; Value = "8-Jun-2000"; VariantName = "[No Variations]"
Add component (AddParameter): Name = "Publisher"; Value = "Altium Limited"; VariantName = "[No Variations]"
Added Component: Designator=R23(R 0603)
Add component. Clean all parameters for all variants
Add component (AddParameter): Name = "LatestRevisionDate"; Value = "17-Jul-2002"; VariantName = "[No Variations]"
Add component (AddParameter): Name = "LatestRevisionNote"; Value = "Re-released for DXP Platform."; VariantName = "[No Variations]"
Add component (AddParameter): Name = "Published"; Value = "8-Jun-2000"; VariantName = "[No Variations]"
Add component (AddParameter): Name = "Publisher"; Value = "Altium Limited"; VariantName = "[No Variations]"
Added Component: Designator=R24(R 0603)
Add component. Clean all parameters for all variants
Add component (AddParameter): Name = "LatestRevisionDate"; Value = "17-Jul-2002"; VariantName = "[No Variations]"
Add component (AddParameter): Name = "LatestRevisionNote"; Value = "Re-released for DXP Platform."; VariantName = "[No Variations]"
Add component (AddParameter): Name = "Published"; Value = "8-Jun-2000"; VariantName = "[No Variations]"
Add component (AddParameter): Name = "Publisher"; Value = "Altium Limited"; VariantName = "[No Variations]"
Added Component: Designator=S1(KFT DIP-7X7)
Add component. Clean all parameters for all variants
Added Component: Designator=SW1(TSW SMD-3*6*2.5)
Add component. Clean all parameters for all variants
Added Component: Designator=U1(SOP8)
Add component. Clean all parameters for all variants
Added Component: Designator=U2(SOT23-5L)
Add component. Clean all parameters for all variants
Add component (AddParameter): Name = "ICA_MFR_NAME"; Value = "RICHTEK"; VariantName = "[No Variations]"
Add component (AddParameter): Name = "ICA_PARTNUM"; Value = "$$2191094$$RT9193-15CU5"; VariantName = "[No Variations]"
Add component (AddParameter): Name = "Part Number"; Value = "TMP-13"; VariantName = "[No Variations]"
Added Component: Designator=U3(TQFP48 7x7_L)
Add component. Clean all parameters for all variants
Added Component: Designator=U4(SOT23-6)
Add component. Clean all parameters for all variants
Added Component: Designator=U5(USB-micro_B)
Add component. Clean all parameters for all variants
Added Component: Designator=U6(通孔焊盘)
Add component. Clean all parameters for all variants
Added Component: Designator=U7(SOP8)
Add component. Clean all parameters for all variants
Added Component: Designator=Y1(MC-306)
Add component. Clean all parameters for all variants
Add component (AddParameter): Name = "LatestRevisionDate"; Value = "17-Jul-2002"; VariantName = "[No Variations]"
Add component (AddParameter): Name = "LatestRevisionNote"; Value = "Re-released for DXP Platform."; VariantName = "[No Variations]"
Add component (AddParameter): Name = "Published"; Value = "8-Jun-2000"; VariantName = "[No Variations]"
Add component (AddParameter): Name = "Publisher"; Value = "Altium Limited"; VariantName = "[No Variations]"
Added Component: Designator=Y2(XTAL-49S DIP)
Add component. Clean all parameters for all variants
Add component (AddParameter): Name = "LatestRevisionDate"; Value = "17-Jul-2002"; VariantName = "[No Variations]"
Add component (AddParameter): Name = "LatestRevisionNote"; Value = "Re-released for DXP Platform."; VariantName = "[No Variations]"
Add component (AddParameter): Name = "Published"; Value = "8-Jun-2000"; VariantName = "[No Variations]"
Add component (AddParameter): Name = "Publisher"; Value = "Altium Limited"; VariantName = "[No Variations]"
Added Pin To Net: NetName=GND Pin=C1-1
Added Pin To Net: NetName=NetC1_2 Pin=C1-2
Added Pin To Net: NetName=GND Pin=C2-1
Added Pin To Net: NetName=RESET Pin=C2-2
Added Pin To Net: NetName=VBAT Pin=C3-1
Added Pin To Net: NetName=GND Pin=C3-2
Added Pin To Net: NetName=GND Pin=C4-1
Added Pin To Net: NetName=VCC3V3 Pin=C4-2
Added Pin To Net: NetName=VCC3V3 Pin=C5-1
Added Pin To Net: NetName=GND Pin=C5-2
Added Pin To Net: NetName=GND Pin=C6-1
Added Pin To Net: NetName=VCC3V3 Pin=C6-2
Added Pin To Net: NetName=GND Pin=C7-1
Added Pin To Net: NetName=VCC5V Pin=C7-2
Added Pin To Net: NetName=GND Pin=C8-1
Added Pin To Net: NetName=NetC8_2 Pin=C8-2
Added Pin To Net: NetName=NetC9_1 Pin=C9-1
Added Pin To Net: NetName=GND Pin=C9-2
Added Pin To Net: NetName=NetC9_1 Pin=C10-1
Added Pin To Net: NetName=GND Pin=C10-2
Added Pin To Net: NetName=GND Pin=C11-1
Added Pin To Net: NetName=5V_OUT Pin=C11-2
Added Pin To Net: NetName=GND Pin=C12-1
Added Pin To Net: NetName=5V_OUT Pin=C12-2
Added Pin To Net: NetName=GND Pin=C13-1
Added Pin To Net: NetName=NetC13_2 Pin=C13-2
Added Pin To Net: NetName=GND Pin=C14-1
Added Pin To Net: NetName=NetC13_2 Pin=C14-2
Added Pin To Net: NetName=PC14 Pin=C15-1
Added Pin To Net: NetName=GND Pin=C15-2
Added Pin To Net: NetName=PC15 Pin=C16-1
Added Pin To Net: NetName=GND Pin=C16-2
Added Pin To Net: NetName=OSCIN Pin=C17-1
Added Pin To Net: NetName=GND Pin=C17-2
Added Pin To Net: NetName=GND Pin=C18-1
Added Pin To Net: NetName=VCC3V3 Pin=C18-2
Added Pin To Net: NetName=GND Pin=C19-1
Added Pin To Net: NetName=VCC3V3 Pin=C19-2
Added Pin To Net: NetName=GND Pin=C20-1
Added Pin To Net: NetName=VCC3V3 Pin=C20-2
Added Pin To Net: NetName=GND Pin=C21-1
Added Pin To Net: NetName=VCC3V3 Pin=C21-2
Added Pin To Net: NetName=OSCOUT Pin=C22-1
Added Pin To Net: NetName=GND Pin=C22-2
Added Pin To Net: NetName=NetC23_1 Pin=C23-1
Added Pin To Net: NetName=GND Pin=C23-2
Added Pin To Net: NetName=GND Pin=C24-1
Added Pin To Net: NetName=VCC5V Pin=C24-2
Added Pin To Net: NetName=NetC25_1 Pin=C25-1
Added Pin To Net: NetName=VCC5V Pin=C25-2
Added Pin To Net: NetName=VCC3V3 Pin=D1-1
Added Pin To Net: NetName=NetD1_2 Pin=D1-2
Added Pin To Net: NetName=NetD2_A Pin=D2-A
Added Pin To Net: NetName=NetD2_K Pin=D2-K
Added Pin To Net: NetName=NetD3_A Pin=D3-A
Added Pin To Net: NetName=NetD3_K Pin=D3-K
Added Pin To Net: NetName=VCC3V3 Pin=D4-1
Added Pin To Net: NetName=NetD4_2 Pin=D4-2
Added Pin To Net: NetName=VBUS Pin=D5-A
Added Pin To Net: NetName=NetC9_1 Pin=D5-K
Added Pin To Net: NetName=NetD6_A Pin=D6-A
Added Pin To Net: NetName=5V_OUT Pin=D6-K
Added Pin To Net: NetName=NetD7_1 Pin=D7-1
Added Pin To Net: NetName=GND Pin=D7-2
Added Pin To Net: NetName=GND Pin=J1-2
Added Pin To Net: NetName=PB5 Pin=J1-4
Added Pin To Net: NetName=VCC3V3 Pin=J1-5
Added Pin To Net: NetName=PB4 Pin=J1-6
Added Pin To Net: NetName=VBAT Pin=J2-1
Added Pin To Net: NetName=GND Pin=J2-2
Added Pin To Net: NetName=GND Pin=J3-1
Added Pin To Net: NetName=VCC3V3 Pin=J3-2
Added Pin To Net: NetName=PB6 Pin=J3-3
Added Pin To Net: NetName=PB7 Pin=J3-4
Added Pin To Net: NetName=VCC5V Pin=J4-1
Added Pin To Net: NetName=NetJ4_2 Pin=J4-2
Added Pin To Net: NetName=NetC13_2 Pin=L1-1
Added Pin To Net: NetName=NetD6_A Pin=L1-2
Added Pin To Net: NetName=NetJ4_2 Pin=L2-1
Added Pin To Net: NetName=NetL2_2 Pin=L2-2
Added Pin To Net: NetName=NetL2_2 Pin=L3-1
Added Pin To Net: NetName=GND Pin=L3-2
Added Pin To Net: NetName=VCC5V Pin=L3-3
Added Pin To Net: NetName=VCC3V3 Pin=P1-1
Added Pin To Net: NetName=VCC3V3 Pin=P1-2
Added Pin To Net: NetName=NetP1_3 Pin=P1-3
Added Pin To Net: NetName=NetP1_4 Pin=P1-4
Added Pin To Net: NetName=GND Pin=P1-5
Added Pin To Net: NetName=GND Pin=P1-6
Added Pin To Net: NetName=GND Pin=P2-1
Added Pin To Net: NetName=SWDCLK Pin=P2-2
Added Pin To Net: NetName=SWDIO Pin=P2-3
Added Pin To Net: NetName=VCC3V3 Pin=P2-4
Added Pin To Net: NetName=VBAT Pin=P3-1
Added Pin To Net: NetName=PC13 Pin=P3-2
Added Pin To Net: NetName=PC14 Pin=P3-3
Added Pin To Net: NetName=PC15 Pin=P3-4
Added Pin To Net: NetName=PA0 Pin=P3-5
Added Pin To Net: NetName=PA1 Pin=P3-6
Added Pin To Net: NetName=PA2 Pin=P3-7
Added Pin To Net: NetName=PA3 Pin=P3-8
Added Pin To Net: NetName=PA4 Pin=P3-9
Added Pin To Net: NetName=PA5 Pin=P3-10
Added Pin To Net: NetName=PA6 Pin=P3-11
Added Pin To Net: NetName=PA7 Pin=P3-12
Added Pin To Net: NetName=PB0 Pin=P3-13
Added Pin To Net: NetName=PB1 Pin=P3-14
Added Pin To Net: NetName=PB10 Pin=P3-15
Added Pin To Net: NetName=PB11 Pin=P3-16
Added Pin To Net: NetName=RESET Pin=P3-17
Added Pin To Net: NetName=VCC3V3 Pin=P3-18
Added Pin To Net: NetName=GND Pin=P3-19
Added Pin To Net: NetName=GND Pin=P3-20
Added Pin To Net: NetName=VCC3V3 Pin=P4-1
Added Pin To Net: NetName=GND Pin=P4-2
Added Pin To Net: NetName=VCC5V Pin=P4-3
Added Pin To Net: NetName=PB9 Pin=P4-4
Added Pin To Net: NetName=PB8 Pin=P4-5
Added Pin To Net: NetName=PB7 Pin=P4-6
Added Pin To Net: NetName=PB6 Pin=P4-7
Added Pin To Net: NetName=PB5 Pin=P4-8
Added Pin To Net: NetName=PB4 Pin=P4-9
Added Pin To Net: NetName=PB3 Pin=P4-10
Added Pin To Net: NetName=PA15 Pin=P4-11
Added Pin To Net: NetName=PA12 Pin=P4-12
Added Pin To Net: NetName=PA11 Pin=P4-13
Added Pin To Net: NetName=PA10 Pin=P4-14
Added Pin To Net: NetName=PA9 Pin=P4-15
Added Pin To Net: NetName=PA8 Pin=P4-16
Added Pin To Net: NetName=PB15 Pin=P4-17
Added Pin To Net: NetName=PB14 Pin=P4-18
Added Pin To Net: NetName=PB13 Pin=P4-19
Added Pin To Net: NetName=PB12 Pin=P4-20
Added Pin To Net: NetName=5V_OUT Pin=Q1-D
Added Pin To Net: NetName=NetQ1_G Pin=Q1-G
Added Pin To Net: NetName=NetC9_1 Pin=Q1-S
Added Pin To Net: NetName=VCC5V Pin=Q2-D
Added Pin To Net: NetName=VBUS Pin=R1-1
Added Pin To Net: NetName=NetC1_2 Pin=R1-2
Added Pin To Net: NetName=NetC1_2 Pin=R2-1
Added Pin To Net: NetName=NetD2_A Pin=R2-2
Added Pin To Net: NetName=NetC1_2 Pin=R3-1
Added Pin To Net: NetName=NetD3_A Pin=R3-2
Added Pin To Net: NetName=RESET Pin=R4-1
Added Pin To Net: NetName=VCC3V3 Pin=R4-2
Added Pin To Net: NetName=NetD1_2 Pin=R5-1
Added Pin To Net: NetName=GND Pin=R5-2
Added Pin To Net: NetName=BOOT0 Pin=R6-1
Added Pin To Net: NetName=NetP1_3 Pin=R6-2
Added Pin To Net: NetName=NetP1_4 Pin=R7-1
Added Pin To Net: NetName=BOOT1 Pin=R7-2
Added Pin To Net: NetName=NetD4_2 Pin=R8-1
Added Pin To Net: NetName=PC13 Pin=R8-2
Added Pin To Net: NetName=NetR9_1 Pin=R9-1
Added Pin To Net: NetName=GND Pin=R9-2
Added Pin To Net: NetName=NetQ1_G Pin=R10-1
Added Pin To Net: NetName=VBUS Pin=R10-2
Added Pin To Net: NetName=GND Pin=R11-1
Added Pin To Net: NetName=VBUS Pin=R11-2
Added Pin To Net: NetName=GND Pin=R12-1
Added Pin To Net: NetName=NetR12_2 Pin=R12-2
Added Pin To Net: NetName=NetR13_1 Pin=R13-1
Added Pin To Net: NetName=5V_OUT Pin=R13-2
Added Pin To Net: NetName=GND Pin=R14-1
Added Pin To Net: NetName=NetR13_1 Pin=R14-2
Added Pin To Net: NetName=NetR15_1 Pin=R15-1
Added Pin To Net: NetName=PA11 Pin=R15-2
Added Pin To Net: NetName=NetR16_1 Pin=R16-1
Added Pin To Net: NetName=PA12 Pin=R16-2
Added Pin To Net: NetName=VCC5V Pin=R17-1
Added Pin To Net: NetName=PA12 Pin=R17-2
Added Pin To Net: NetName=OSCOUT Pin=R18-1
Added Pin To Net: NetName=OSCIN Pin=R18-2
Added Pin To Net: NetName=PA0 Pin=R19-2
Added Pin To Net: NetName=GND Pin=R20-1
Added Pin To Net: NetName=NetC23_1 Pin=R21-1
Added Pin To Net: NetName=GND Pin=R21-2
Added Pin To Net: NetName=NetR22_1 Pin=R22-1
Added Pin To Net: NetName=NetR22_1 Pin=R23-1
Added Pin To Net: NetName=NetR23_2 Pin=R23-2
Added Pin To Net: NetName=NetD7_1 Pin=R24-1
Added Pin To Net: NetName=NetR24_2 Pin=R24-2
Added Pin To Net: NetName=VCC5V Pin=S1-1
Added Pin To Net: NetName=NetC9_1 Pin=S1-2
Added Pin To Net: NetName=VBAT Pin=S1-5
Added Pin To Net: NetName=NetC13_2 Pin=S1-6
Added Pin To Net: NetName=GND Pin=SW1-1
Added Pin To Net: NetName=RESET Pin=SW1-2
Added Pin To Net: NetName=GND Pin=U1-1
Added Pin To Net: NetName=NetR9_1 Pin=U1-2
Added Pin To Net: NetName=GND Pin=U1-3
Added Pin To Net: NetName=NetC1_2 Pin=U1-4
Added Pin To Net: NetName=VBAT Pin=U1-5
Added Pin To Net: NetName=NetD2_K Pin=U1-6
Added Pin To Net: NetName=NetD3_K Pin=U1-7
Added Pin To Net: NetName=NetC1_2 Pin=U1-8
Added Pin To Net: NetName=VCC5V Pin=U2-1
Added Pin To Net: NetName=GND Pin=U2-2
Added Pin To Net: NetName=VCC5V Pin=U2-3
Added Pin To Net: NetName=NetC8_2 Pin=U2-4
Added Pin To Net: NetName=VCC3V3 Pin=U2-5
Added Pin To Net: NetName=VBAT Pin=U3-1
Added Pin To Net: NetName=PC13 Pin=U3-2
Added Pin To Net: NetName=PC14 Pin=U3-3
Added Pin To Net: NetName=PC15 Pin=U3-4
Added Pin To Net: NetName=OSCIN Pin=U3-5
Added Pin To Net: NetName=OSCOUT Pin=U3-6
Added Pin To Net: NetName=RESET Pin=U3-7
Added Pin To Net: NetName=GND Pin=U3-8
Added Pin To Net: NetName=VCC3V3 Pin=U3-9
Added Pin To Net: NetName=PA0 Pin=U3-10
Added Pin To Net: NetName=PA1 Pin=U3-11
Added Pin To Net: NetName=PA2 Pin=U3-12
Added Pin To Net: NetName=PA3 Pin=U3-13
Added Pin To Net: NetName=PA4 Pin=U3-14
Added Pin To Net: NetName=PA5 Pin=U3-15
Added Pin To Net: NetName=PA6 Pin=U3-16
Added Pin To Net: NetName=PA7 Pin=U3-17
Added Pin To Net: NetName=PB0 Pin=U3-18
Added Pin To Net: NetName=PB1 Pin=U3-19
Added Pin To Net: NetName=BOOT1 Pin=U3-20
Added Pin To Net: NetName=PB10 Pin=U3-21
Added Pin To Net: NetName=PB11 Pin=U3-22
Added Pin To Net: NetName=GND Pin=U3-23
Added Pin To Net: NetName=VCC3V3 Pin=U3-24
Added Pin To Net: NetName=PB12 Pin=U3-25
Added Pin To Net: NetName=PB13 Pin=U3-26
Added Pin To Net: NetName=PB14 Pin=U3-27
Added Pin To Net: NetName=PB15 Pin=U3-28
Added Pin To Net: NetName=PA8 Pin=U3-29
Added Pin To Net: NetName=PA9 Pin=U3-30
Added Pin To Net: NetName=PA10 Pin=U3-31
Added Pin To Net: NetName=PA11 Pin=U3-32
Added Pin To Net: NetName=PA12 Pin=U3-33
Added Pin To Net: NetName=SWDIO Pin=U3-34
Added Pin To Net: NetName=GND Pin=U3-35
Added Pin To Net: NetName=VCC3V3 Pin=U3-36
Added Pin To Net: NetName=SWDCLK Pin=U3-37
Added Pin To Net: NetName=PA15 Pin=U3-38
Added Pin To Net: NetName=PB3 Pin=U3-39
Added Pin To Net: NetName=PB4 Pin=U3-40
Added Pin To Net: NetName=PB5 Pin=U3-41
Added Pin To Net: NetName=PB6 Pin=U3-42
Added Pin To Net: NetName=PB7 Pin=U3-43
Added Pin To Net: NetName=BOOT0 Pin=U3-44
Added Pin To Net: NetName=PB8 Pin=U3-45
Added Pin To Net: NetName=PB9 Pin=U3-46
Added Pin To Net: NetName=GND Pin=U3-47
Added Pin To Net: NetName=VCC3V3 Pin=U3-48
Added Pin To Net: NetName=NetD6_A Pin=U4-1
Added Pin To Net: NetName=GND Pin=U4-2
Added Pin To Net: NetName=NetR13_1 Pin=U4-3
Added Pin To Net: NetName=NetC13_2 Pin=U4-4
Added Pin To Net: NetName=NetC13_2 Pin=U4-5
Added Pin To Net: NetName=NetR12_2 Pin=U4-6
Added Pin To Net: NetName=GND Pin=U5-1
Added Pin To Net: NetName=NetR15_1 Pin=U5-2
Added Pin To Net: NetName=NetR16_1 Pin=U5-3
Added Pin To Net: NetName=GND Pin=U5-4
Added Pin To Net: NetName=VBUS Pin=U5-5
Added Pin To Net: NetName=VBUS Pin=U5-5
Added Pin To Net: NetName=VBUS Pin=U5-5
Added Pin To Net: NetName=VBUS Pin=U5-5
Added Pin To Net: NetName=VBUS Pin=U5-5
Added Pin To Net: NetName=NetC23_1 Pin=U6-Hole
Added Pin To Net: NetName=NetR23_2 Pin=U7-1
Added Pin To Net: NetName=NetR22_1 Pin=U7-2
Added Pin To Net: NetName=GND Pin=U7-3
Added Pin To Net: NetName=GND Pin=U7-4
Added Pin To Net: NetName=NetC25_1 Pin=U7-5
Added Pin To Net: NetName=NetR24_2 Pin=U7-6
Added Pin To Net: NetName=VCC5V Pin=U7-7
Added Pin To Net: NetName=NetC23_1 Pin=U7-8
Added Pin To Net: NetName=PC15 Pin=Y1-1
Added Pin To Net: NetName=PC14 Pin=Y1-4
Added Pin To Net: NetName=OSCOUT Pin=Y2-1
Added Pin To Net: NetName=OSCIN Pin=Y2-2
Added Pin To Net: NetName=NetQ2_G Pin=Q2-G
Added Pin To Net: NetName=NetQ2_G Pin=R19-1
Added Pin To Net: NetName=NetQ2_G Pin=R20-2
Added Net: Name=NetQ2_G
Added Pin To Net: NetName=NetQ2_S Pin=Q2-S
Added Pin To Net: NetName=NetQ2_S Pin=R22-2
Added Net: Name=NetQ2_S
Added Member To Class: ClassName=Smart Humidifier Member=Component C1 10uF 0805
Added Member To Class: ClassName=Smart Humidifier Member=Component C2 105,0603
Added Member To Class: ClassName=Smart Humidifier Member=Component C3 10uF 0805
Added Member To Class: ClassName=Smart Humidifier Member=Component C4 104,0603
Added Member To Class: ClassName=Smart Humidifier Member=Component C5 106,0603
Added Member To Class: ClassName=Smart Humidifier Member=Component C6 104,0603
Added Member To Class: ClassName=Smart Humidifier Member=Component C7 105,0603
Added Member To Class: ClassName=Smart Humidifier Member=Component C8 223,0603
Added Member To Class: ClassName=Smart Humidifier Member=Component C9 10uF 0805
Added Member To Class: ClassName=Smart Humidifier Member=Component C10 0.1uF 0805
Added Member To Class: ClassName=Smart Humidifier Member=Component C11 20uF 0805
Added Member To Class: ClassName=Smart Humidifier Member=Component C12 0.1uF 0805
Added Member To Class: ClassName=Smart Humidifier Member=Component C13 0.1uF 0805
Added Member To Class: ClassName=Smart Humidifier Member=Component C14 20uF 0805
Added Member To Class: ClassName=Smart Humidifier Member=Component C15 22P,0603
Added Member To Class: ClassName=Smart Humidifier Member=Component C16 22P,0603
Added Member To Class: ClassName=Smart Humidifier Member=Component C17 22P,0603
Added Member To Class: ClassName=Smart Humidifier Member=Component C18 105,0603
Added Member To Class: ClassName=Smart Humidifier Member=Component C19 105,0603
Added Member To Class: ClassName=Smart Humidifier Member=Component C20 105,0603
Added Member To Class: ClassName=Smart Humidifier Member=Component C21 105,0603
Added Member To Class: ClassName=Smart Humidifier Member=Component C22 22P,0603
Added Member To Class: ClassName=Smart Humidifier Member=Component C23 100nF,0603
Added Member To Class: ClassName=Smart Humidifier Member=Component C24 10uF,0805
Added Member To Class: ClassName=Smart Humidifier Member=Component C25 8.2nF,0805
Added Member To Class: ClassName=Smart Humidifier Member=Component D1 LED
Added Member To Class: ClassName=Smart Humidifier Member=Component D2 LED
Added Member To Class: ClassName=Smart Humidifier Member=Component D3 LED
Added Member To Class: ClassName=Smart Humidifier Member=Component D4 LED
Added Member To Class: ClassName=Smart Humidifier Member=Component D5 SS24 2A 40V
Added Member To Class: ClassName=Smart Humidifier Member=Component D6 SM340A
Added Member To Class: ClassName=Smart Humidifier Member=Component D7 LED
Added Member To Class: ClassName=Smart Humidifier Member=Component J1 Female HDR2X3
Added Member To Class: ClassName=Smart Humidifier Member=Component J2 电池接口
Added Member To Class: ClassName=Smart Humidifier Member=Component J3 Female HDR1X4
Added Member To Class: ClassName=Smart Humidifier Member=Component J4 雾化片接口
Added Member To Class: ClassName=Smart Humidifier Member=Component L1 3.3uH CD32
Added Member To Class: ClassName=Smart Humidifier Member=Component L2 220uH,CD32
Added Member To Class: ClassName=Smart Humidifier Member=Component L3 INDUCTOR Tripod
Added Member To Class: ClassName=Smart Humidifier Member=Component P1 Header 3X2
Added Member To Class: ClassName=Smart Humidifier Member=Component P2 SWD
Added Member To Class: ClassName=Smart Humidifier Member=Component P3 Header 20
Added Member To Class: ClassName=Smart Humidifier Member=Component P4 Header 20
Added Member To Class: ClassName=Smart Humidifier Member=Component Q1 IRLML6401
Added Member To Class: ClassName=Smart Humidifier Member=Component Q2 AO3400A N道沟 X0YV1T SOT-23
Added Member To Class: ClassName=Smart Humidifier Member=Component R1 0.4R 0603
Added Member To Class: ClassName=Smart Humidifier Member=Component R2 1K 0603
Added Member To Class: ClassName=Smart Humidifier Member=Component R3 1K 0603
Added Member To Class: ClassName=Smart Humidifier Member=Component R4 10K,0603
Added Member To Class: ClassName=Smart Humidifier Member=Component R5 510R,0603
Added Member To Class: ClassName=Smart Humidifier Member=Component R6 10K,0603
Added Member To Class: ClassName=Smart Humidifier Member=Component R7 10K,0603
Added Member To Class: ClassName=Smart Humidifier Member=Component R8 510R,0603
Added Member To Class: ClassName=Smart Humidifier Member=Component R9 1K2 0603
Added Member To Class: ClassName=Smart Humidifier Member=Component R10 100K 0603
Added Member To Class: ClassName=Smart Humidifier Member=Component R11 100K 0603
Added Member To Class: ClassName=Smart Humidifier Member=Component R12 10K 0603
Added Member To Class: ClassName=Smart Humidifier Member=Component R13 88K 0603
Added Member To Class: ClassName=Smart Humidifier Member=Component R14 12K 0603
Added Member To Class: ClassName=Smart Humidifier Member=Component R15 20R,0603
Added Member To Class: ClassName=Smart Humidifier Member=Component R16 20R,0603
Added Member To Class: ClassName=Smart Humidifier Member=Component R17 4.7K,0603
Added Member To Class: ClassName=Smart Humidifier Member=Component R18 1M0603
Added Member To Class: ClassName=Smart Humidifier Member=Component R19 10K,0603
Added Member To Class: ClassName=Smart Humidifier Member=Component R20 20K,0603
Added Member To Class: ClassName=Smart Humidifier Member=Component R21 10M,0603
Added Member To Class: ClassName=Smart Humidifier Member=Component R22 560K,0603
Added Member To Class: ClassName=Smart Humidifier Member=Component R23 113K,0603
Added Member To Class: ClassName=Smart Humidifier Member=Component R24 2K,0603
Added Member To Class: ClassName=Smart Humidifier Member=Component S1 KFT DIP-7X7
Added Member To Class: ClassName=Smart Humidifier Member=Component SW1 SW-PB_V
Added Member To Class: ClassName=Smart Humidifier Member=Component U1 TP4056
Added Member To Class: ClassName=Smart Humidifier Member=Component U2 RT9193
Added Member To Class: ClassName=Smart Humidifier Member=Component U3 STM32F103C8T6
Added Member To Class: ClassName=Smart Humidifier Member=Component U4 TC6291C
Added Member To Class: ClassName=Smart Humidifier Member=Component U5 USB-mrico
Added Member To Class: ClassName=Smart Humidifier Member=Component U6 缺水引线
Added Member To Class: ClassName=Smart Humidifier Member=Component U7 XKT-201 SOP-8
Added Member To Class: ClassName=Smart Humidifier Member=Component Y1 32.768K
Added Member To Class: ClassName=Smart Humidifier Member=Component Y2 8M
