Removed Pin From Net: NetName=GND Pin=J6-0
Removed Pin From Net: NetName=GND Pin=J6-0
Removed Pin From Net: NetName=NetC9_2 Pin=J6-2
Removed Pin From Net: NetName=NetC9_1 Pin=J6-3
Removed Pin From Net: NetName=NetC10_2 Pin=J6-4
Removed Pin From Net: NetName=NetC10_1 Pin=J6-5
Removed Pin From Net: NetName=VCC_OLED Pin=J6-6
Removed Pin From Net: NetName=VCC_OLED Pin=J6-9
Removed Pin From Net: NetName=VCC_OLED Pin=J6-11
Removed Pin From Net: NetName=GND Pin=J6-12
Removed Pin From Net: NetName=GND Pin=J6-13
Removed Pin From Net: NetName=NetC15_1 Pin=J6-14
Removed Pin From Net: NetName=NetJ6_15 Pin=J6-15
Removed Pin From Net: NetName=GND Pin=J6-16
Removed Pin From Net: NetName=GND Pin=J6-17
Removed Pin From Net: NetName=PB6(I2C1_SCL) Pin=J6-18
Removed Pin From Net: NetName=PB7(I2C1_SDA) Pin=J6-19
Removed Pin From Net: NetName=PB7(I2C1_SDA) Pin=J6-20
Removed Pin From Net: NetName=GND Pin=J6-22
Removed Pin From Net: NetName=GND Pin=J6-24
Removed Pin From Net: NetName=GND Pin=J6-25
Removed Pin From Net: NetName=NetJ6_26 Pin=J6-26
Removed Pin From Net: NetName=NetC17_2 Pin=J6-27
Removed Pin From Net: NetName=NetC34_2 Pin=J6-28
Removed Pin From Net: NetName=GND Pin=J6-29
Change component parameters: Designator = "JK1"; Footprint = "HF46-xx-HS1"; UniqueID = "\EIEHDKBD"
Change component parameters. Clean all parameters for all variants
Change component parameters (AddParameter): Name = "BOM名称"; Value = "5V继电器"; VariantName = "[No Variations]"
Change component parameters (AddParameter): Name = "学习资源"; Value = "www.ooocke.com"; VariantName = "[No Variations]"
Change component parameters (AddParameter): Name = "版权归属"; Value = "源创客"; VariantName = "[No Variations]"
Added Pin To Net: NetName=GND Pin=J6-2
Added Pin To Net: NetName=NetC34_2 Pin=J6-3
Added Pin To Net: NetName=NetC17_2 Pin=J6-4
Added Pin To Net: NetName=NetJ6_26 Pin=J6-5
Added Pin To Net: NetName=GND Pin=J6-6
Added Pin To Net: NetName=GND Pin=J6-7
Added Pin To Net: NetName=GND Pin=J6-9
Added Pin To Net: NetName=PB7(I2C1_SDA) Pin=J6-11
Added Pin To Net: NetName=PB7(I2C1_SDA) Pin=J6-12
Added Pin To Net: NetName=PB6(I2C1_SCL) Pin=J6-13
Added Pin To Net: NetName=GND Pin=J6-14
Added Pin To Net: NetName=GND Pin=J6-15
Added Pin To Net: NetName=NetJ6_15 Pin=J6-16
Added Pin To Net: NetName=NetC15_1 Pin=J6-17
Added Pin To Net: NetName=GND Pin=J6-18
Added Pin To Net: NetName=GND Pin=J6-19
Added Pin To Net: NetName=VCC_OLED Pin=J6-20
Added Pin To Net: NetName=VCC_OLED Pin=J6-22
Added Pin To Net: NetName=VCC_OLED Pin=J6-25
Added Pin To Net: NetName=NetC10_1 Pin=J6-26
Added Pin To Net: NetName=NetC10_2 Pin=J6-27
Added Pin To Net: NetName=NetC9_1 Pin=J6-28
Added Pin To Net: NetName=NetC9_2 Pin=J6-29
