Change Component Designator: Old Designator=C4 New Designator=C6
Change Component Designator: Old Designator=C5 New Designator=C7
Change Component Designator: Old Designator=C6 New Designator=C4
Change Component Designator: Old Designator=C7 New Designator=C9
Change Component Designator: Old Designator=C8 New Designator=C10
Change Component Designator: Old Designator=C9 New Designator=C5
Change Component Designator: Old Designator=C10 New Designator=C8
Change Component Designator: Old Designator=C16 New Designator=C17
Change Component Designator: Old Designator=C17 New Designator=C16
Change Component Designator: Old Designator=C18 New Designator=C19
Change Component Designator: Old Designator=C19 New Designator=C20
Change Component Designator: Old Designator=C34 New Designator=C18
Change Component Designator: Old Designator=D8 New Designator=D9
Change Component Designator: Old Designator=D9 New Designator=D8
Change Component Designator: Old Designator=J1 New Designator=J4
Change Component Designator: Old Designator=J2 New Designator=J1
Change Component Designator: Old Designator=J4 New Designator=J5
Change Component Designator: Old Designator=J5 New Designator=J6
Change Component Designator: Old Designator=J6 New Designator=J2
Change Component Designator: Old Designator=R4 New Designator=R5
Change Component Designator: Old Designator=R5 New Designator=R7
Change Component Designator: Old Designator=R6 New Designator=R8
Change Component Designator: Old Designator=R7 New Designator=R9
Change Component Designator: Old Designator=R8 New Designator=R10
Change Component Designator: Old Designator=R9 New Designator=R11
Change Component Designator: Old Designator=R10 New Designator=R12
Change Component Designator: Old Designator=R11 New Designator=R14
Change Component Designator: Old Designator=R12 New Designator=R13
Change Component Designator: Old Designator=R13 New Designator=R15
Change Component Designator: Old Designator=R14 New Designator=R16
Change Component Designator: Old Designator=R15 New Designator=R17
Change Component Designator: Old Designator=R16 New Designator=R19
Change Component Designator: Old Designator=R17 New Designator=R18
Change Component Designator: Old Designator=R18 New Designator=R21
Change Component Designator: Old Designator=R19 New Designator=R22
Change Component Designator: Old Designator=R20 New Designator=R24
Change Component Designator: Old Designator=R21 New Designator=R25
Change Component Designator: Old Designator=R22 New Designator=R27
Change Component Designator: Old Designator=R23 New Designator=R28
Change Component Designator: Old Designator=R24 New Designator=R4
Change Component Designator: Old Designator=R25 New Designator=R30
Change Component Designator: Old Designator=R26 New Designator=R31
Change Component Designator: Old Designator=R27 New Designator=R32
Change Component Designator: Old Designator=R28 New Designator=R33
Change Component Designator: Old Designator=R29 New Designator=R34
Change Component Designator: Old Designator=R30 New Designator=R35
Change Component Designator: Old Designator=R31 New Designator=R6
Change Component Designator: Old Designator=R32 New Designator=R20
Change Component Designator: Old Designator=R35 New Designator=R23
Change Component Designator: Old Designator=R37 New Designator=R26
Change Component Designator: Old Designator=R38 New Designator=R29
Change Component Designator: Old Designator=U3 New Designator=U4
Change Component Designator: Old Designator=U4 New Designator=U3
