Removed Pin From Net: NetName=GND Pin=J2-0
Removed Pin From Net: NetName=GND Pin=J2-0
Added Member To Class: ClassName=Smart Humidifier Member=Component C5 1uF/0603
Added Member To Class: ClassName=Smart Humidifier Member=Component C6 10uF/0603
Added Member To Class: ClassName=Smart Humidifier Member=Component C9 1uF/0603
Added Member To Class: ClassName=Smart Humidifier Member=Component C10 22nF/0603
Added Member To Class: ClassName=Smart Humidifier Member=Component C17 1uF/0603
Added Member To Class: ClassName=Smart Humidifier Member=Component C18 2.2uF/0603
Added Member To Class: ClassName=Smart Humidifier Member=Component C19 20uF/0805
Added Member To Class: ClassName=Smart Humidifier Member=Component C20 0.1uF/0805
Added Member To Class: ClassName=Smart Humidifier Member=Component D9 LEDP/0805
Added Member To Class: ClassName=Smart Humidifier Member=Component J1 µç³Ø½Ó¿Ú
Added Member To Class: ClassName=Smart Humidifier Member=Component J4 Female HDR1X5
Added Member To Class: ClassName=Smart Humidifier Member=Component R5 10K/0603
Added Member To Class: ClassName=Smart Humidifier Member=Component R11 1K2/0603
Added Member To Class: ClassName=Smart Humidifier Member=Component R12 4.7K/0603
Added Member To Class: ClassName=Smart Humidifier Member=Component R13 100K/0603
Added Member To Class: ClassName=Smart Humidifier Member=Component R16 0R/0603
Added Member To Class: ClassName=Smart Humidifier Member=Component R17 4.7K/0603
Added Member To Class: ClassName=Smart Humidifier Member=Component R19 10K/0603
Added Member To Class: ClassName=Smart Humidifier Member=Component R24 20R/0603
Added Member To Class: ClassName=Smart Humidifier Member=Component R25 20R/0603
Added Member To Class: ClassName=Smart Humidifier Member=Component R26 4K7/0603
Added Member To Class: ClassName=Smart Humidifier Member=Component R27 4K7/0603
Added Member To Class: ClassName=Smart Humidifier Member=Component R28 1M/0603
Added Member To Class: ClassName=Smart Humidifier Member=Component R29 10K/0603
Added Member To Class: ClassName=Smart Humidifier Member=Component R30 113K/0603
Added Member To Class: ClassName=Smart Humidifier Member=Component R31 10M/0603
Added Member To Class: ClassName=Smart Humidifier Member=Component U3 TC6291C/SOT23-6
